<?xml version="1.0" encoding="UTF-8"?>
<testng-results skipped="3" failed="1" ignored="0" total="9" passed="5">
  <reporter-output>
  </reporter-output>
  <suite name="Default suite" duration-ms="42947" started-at="2020-04-07T17:41:27Z" finished-at="2020-04-07T17:42:10Z">
    <groups>
    </groups>
    <test name="Default test" duration-ms="42947" started-at="2020-04-07T17:41:27Z" finished-at="2020-04-07T17:42:10Z">
      <class name="com.cnnnews.CnnNewsBasePage">
        <test-method status="PASS" signature="setUp()[pri:0, instance:com.cnnnews.CnnNewsBasePage@69ea3742]" name="setUp" is-config="true" duration-ms="4167" started-at="2020-04-07T17:41:27Z" finished-at="2020-04-07T17:41:32Z">
          <reporter-output>
          </reporter-output>
        </test-method> <!-- setUp -->
        <test-method status="PASS" signature="homePage()[pri:0, instance:com.cnnnews.CnnNewsBasePage@69ea3742]" name="homePage" duration-ms="3728" started-at="2020-04-07T17:41:32Z" finished-at="2020-04-07T17:41:35Z">
          <reporter-output>
          </reporter-output>
        </test-method> <!-- homePage -->
        <test-method status="PASS" signature="losers()[pri:0, instance:com.cnnnews.CnnNewsBasePage@69ea3742]" name="losers" duration-ms="1" started-at="2020-04-07T17:41:35Z" finished-at="2020-04-07T17:41:35Z">
          <reporter-output>
          </reporter-output>
        </test-method> <!-- losers -->
        <test-method status="PASS" signature="pages()[pri:0, instance:com.cnnnews.CnnNewsBasePage@69ea3742]" name="pages" duration-ms="29639" started-at="2020-04-07T17:41:35Z" depends-on-methods="com.cnnnews.CnnNewsBasePage.homePage" finished-at="2020-04-07T17:42:05Z">
          <reporter-output>
          </reporter-output>
        </test-method> <!-- pages -->
        <test-method status="PASS" signature="displayDataonMarket()[pri:0, instance:com.cnnnews.CnnNewsBasePage@69ea3742]" name="displayDataonMarket" duration-ms="5198" started-at="2020-04-07T17:42:05Z" depends-on-methods="com.cnnnews.CnnNewsBasePage.pages" finished-at="2020-04-07T17:42:10Z">
          <reporter-output>
          </reporter-output>
        </test-method> <!-- displayDataonMarket -->
        <test-method status="PASS" signature="mostPopularStocks()[pri:0, instance:com.cnnnews.CnnNewsBasePage@69ea3742]" name="mostPopularStocks" duration-ms="39" started-at="2020-04-07T17:42:10Z" depends-on-methods="com.cnnnews.CnnNewsBasePage.displayDataonMarket" finished-at="2020-04-07T17:42:10Z">
          <reporter-output>
          </reporter-output>
        </test-method> <!-- mostPopularStocks -->
        <test-method status="FAIL" signature="validateMostPopular()[pri:0, instance:com.cnnnews.CnnNewsBasePage@69ea3742]" name="validateMostPopular" duration-ms="52" started-at="2020-04-07T17:42:10Z" depends-on-methods="com.cnnnews.CnnNewsBasePage.mostPopularStocks" finished-at="2020-04-07T17:42:10Z">
          <exception class="java.lang.AssertionError">
            <message>
              <![CDATA[expected [[Apple
264.10
+0.66%
Citigroup
43.25
+5.18%
General Electric
7.26
+0.48%
Google
1197.88
+1.40%
Microsoft
166.57
+0.79%
Updated: 1:39pm ET]] but found [Apple241.43-1.43% Citigroup37.48-4.47% General Electric6.72-2.54% Google1092.51-2.20% Microsoft153.83-0.92%]]]>
            </message>
            <full-stacktrace>
              <![CDATA[java.lang.AssertionError: expected [[Apple
264.10
+0.66%
Citigroup
43.25
+5.18%
General Electric
7.26
+0.48%
Google
1197.88
+1.40%
Microsoft
166.57
+0.79%
Updated: 1:39pm ET]] but found [Apple241.43-1.43% Citigroup37.48-4.47% General Electric6.72-2.54% Google1092.51-2.20% Microsoft153.83-0.92%]
at org.testng.Assert.fail(Assert.java:96)
at org.testng.Assert.failNotEquals(Assert.java:776)
at org.testng.Assert.assertEqualsImpl(Assert.java:137)
at org.testng.Assert.assertEquals(Assert.java:118)
at org.testng.Assert.assertEquals(Assert.java:442)
at com.cnnnews.CnnNewsBasePage.validateMostPopular(CnnNewsBasePage.java:130)
at sun.reflect.NativeMethodAccessorImpl.invoke0(Native Method)
at sun.reflect.NativeMethodAccessorImpl.invoke(NativeMethodAccessorImpl.java:62)
at sun.reflect.DelegatingMethodAccessorImpl.invoke(DelegatingMethodAccessorImpl.java:43)
at java.lang.reflect.Method.invoke(Method.java:498)
at org.testng.internal.MethodInvocationHelper.invokeMethod(MethodInvocationHelper.java:124)
at org.testng.internal.Invoker.invokeMethod(Invoker.java:583)
at org.testng.internal.Invoker.invokeTestMethod(Invoker.java:719)
at org.testng.internal.Invoker.invokeTestMethods(Invoker.java:989)
at org.testng.internal.TestMethodWorker.invokeTestMethods(TestMethodWorker.java:125)
at org.testng.internal.TestMethodWorker.run(TestMethodWorker.java:109)
at org.testng.TestRunner.privateRun(TestRunner.java:648)
at org.testng.TestRunner.run(TestRunner.java:505)
at org.testng.SuiteRunner.runTest(SuiteRunner.java:455)
at org.testng.SuiteRunner.runSequentially(SuiteRunner.java:450)
at org.testng.SuiteRunner.privateRun(SuiteRunner.java:415)
at org.testng.SuiteRunner.run(SuiteRunner.java:364)
at org.testng.SuiteRunnerWorker.runSuite(SuiteRunnerWorker.java:52)
at org.testng.SuiteRunnerWorker.run(SuiteRunnerWorker.java:84)
at org.testng.TestNG.runSuitesSequentially(TestNG.java:1208)
at org.testng.TestNG.runSuitesLocally(TestNG.java:1137)
at org.testng.TestNG.runSuites(TestNG.java:1049)
at org.testng.TestNG.run(TestNG.java:1017)
at org.testng.remote.AbstractRemoteTestNG.run(AbstractRemoteTestNG.java:115)
at org.testng.remote.RemoteTestNG.initAndRun(RemoteTestNG.java:251)
at org.testng.remote.RemoteTestNG.main(RemoteTestNG.java:77)
]]>
            </full-stacktrace>
          </exception> <!-- java.lang.AssertionError -->
          <reporter-output>
          </reporter-output>
        </test-method> <!-- validateMostPopular -->
        <test-method status="SKIP" signature="sectorPerformance()[pri:0, instance:com.cnnnews.CnnNewsBasePage@69ea3742]" name="sectorPerformance" duration-ms="0" started-at="2020-04-07T17:42:10Z" depends-on-methods="com.cnnnews.CnnNewsBasePage.validateMostPopular" finished-at="2020-04-07T17:42:10Z">
          <exception class="java.lang.Throwable">
            <message>
              <![CDATA[Method CnnNewsBasePage.sectorPerformance()[pri:0, instance:com.cnnnews.CnnNewsBasePage@69ea3742] depends on not successfully finished methods]]>
            </message>
            <full-stacktrace>
              <![CDATA[java.lang.Throwable: Method CnnNewsBasePage.sectorPerformance()[pri:0, instance:com.cnnnews.CnnNewsBasePage@69ea3742] depends on not successfully finished methods
at org.testng.internal.Invoker.invokeTestMethods(Invoker.java:888)
at org.testng.internal.TestMethodWorker.invokeTestMethods(TestMethodWorker.java:125)
at org.testng.internal.TestMethodWorker.run(TestMethodWorker.java:109)
at org.testng.TestRunner.privateRun(TestRunner.java:648)
at org.testng.TestRunner.run(TestRunner.java:505)
at org.testng.SuiteRunner.runTest(SuiteRunner.java:455)
at org.testng.SuiteRunner.runSequentially(SuiteRunner.java:450)
at org.testng.SuiteRunner.privateRun(SuiteRunner.java:415)
at org.testng.SuiteRunner.run(SuiteRunner.java:364)
at org.testng.SuiteRunnerWorker.runSuite(SuiteRunnerWorker.java:52)
at org.testng.SuiteRunnerWorker.run(SuiteRunnerWorker.java:84)
at org.testng.TestNG.runSuitesSequentially(TestNG.java:1208)
at org.testng.TestNG.runSuitesLocally(TestNG.java:1137)
at org.testng.TestNG.runSuites(TestNG.java:1049)
at org.testng.TestNG.run(TestNG.java:1017)
at org.testng.remote.AbstractRemoteTestNG.run(AbstractRemoteTestNG.java:115)
at org.testng.remote.RemoteTestNG.initAndRun(RemoteTestNG.java:251)
at org.testng.remote.RemoteTestNG.main(RemoteTestNG.java:77)
]]>
            </full-stacktrace>
          </exception> <!-- java.lang.Throwable -->
          <reporter-output>
          </reporter-output>
        </test-method> <!-- sectorPerformance -->
        <test-method status="SKIP" signature="biggestBarName()[pri:0, instance:com.cnnnews.CnnNewsBasePage@69ea3742]" name="biggestBarName" duration-ms="0" started-at="2020-04-07T17:42:10Z" depends-on-methods="com.cnnnews.CnnNewsBasePage.sectorPerformance" finished-at="2020-04-07T17:42:10Z">
          <exception class="java.lang.Throwable">
            <message>
              <![CDATA[Method CnnNewsBasePage.biggestBarName()[pri:0, instance:com.cnnnews.CnnNewsBasePage@69ea3742] depends on not successfully finished methods]]>
            </message>
            <full-stacktrace>
              <![CDATA[java.lang.Throwable: Method CnnNewsBasePage.biggestBarName()[pri:0, instance:com.cnnnews.CnnNewsBasePage@69ea3742] depends on not successfully finished methods
at org.testng.internal.Invoker.invokeTestMethods(Invoker.java:888)
at org.testng.internal.TestMethodWorker.invokeTestMethods(TestMethodWorker.java:125)
at org.testng.internal.TestMethodWorker.run(TestMethodWorker.java:109)
at org.testng.TestRunner.privateRun(TestRunner.java:648)
at org.testng.TestRunner.run(TestRunner.java:505)
at org.testng.SuiteRunner.runTest(SuiteRunner.java:455)
at org.testng.SuiteRunner.runSequentially(SuiteRunner.java:450)
at org.testng.SuiteRunner.privateRun(SuiteRunner.java:415)
at org.testng.SuiteRunner.run(SuiteRunner.java:364)
at org.testng.SuiteRunnerWorker.runSuite(SuiteRunnerWorker.java:52)
at org.testng.SuiteRunnerWorker.run(SuiteRunnerWorker.java:84)
at org.testng.TestNG.runSuitesSequentially(TestNG.java:1208)
at org.testng.TestNG.runSuitesLocally(TestNG.java:1137)
at org.testng.TestNG.runSuites(TestNG.java:1049)
at org.testng.TestNG.run(TestNG.java:1017)
at org.testng.remote.AbstractRemoteTestNG.run(AbstractRemoteTestNG.java:115)
at org.testng.remote.RemoteTestNG.initAndRun(RemoteTestNG.java:251)
at org.testng.remote.RemoteTestNG.main(RemoteTestNG.java:77)
]]>
            </full-stacktrace>
          </exception> <!-- java.lang.Throwable -->
          <reporter-output>
          </reporter-output>
        </test-method> <!-- biggestBarName -->
        <test-method status="SKIP" signature="loserSection()[pri:0, instance:com.cnnnews.CnnNewsBasePage@69ea3742]" name="loserSection" duration-ms="0" started-at="2020-04-07T17:42:10Z" depends-on-methods="com.cnnnews.CnnNewsBasePage.biggestBarName" finished-at="2020-04-07T17:42:10Z">
          <exception class="java.lang.Throwable">
            <message>
              <![CDATA[Method CnnNewsBasePage.loserSection()[pri:0, instance:com.cnnnews.CnnNewsBasePage@69ea3742] depends on not successfully finished methods]]>
            </message>
            <full-stacktrace>
              <![CDATA[java.lang.Throwable: Method CnnNewsBasePage.loserSection()[pri:0, instance:com.cnnnews.CnnNewsBasePage@69ea3742] depends on not successfully finished methods
at org.testng.internal.Invoker.invokeTestMethods(Invoker.java:888)
at org.testng.internal.TestMethodWorker.invokeTestMethods(TestMethodWorker.java:125)
at org.testng.internal.TestMethodWorker.run(TestMethodWorker.java:109)
at org.testng.TestRunner.privateRun(TestRunner.java:648)
at org.testng.TestRunner.run(TestRunner.java:505)
at org.testng.SuiteRunner.runTest(SuiteRunner.java:455)
at org.testng.SuiteRunner.runSequentially(SuiteRunner.java:450)
at org.testng.SuiteRunner.privateRun(SuiteRunner.java:415)
at org.testng.SuiteRunner.run(SuiteRunner.java:364)
at org.testng.SuiteRunnerWorker.runSuite(SuiteRunnerWorker.java:52)
at org.testng.SuiteRunnerWorker.run(SuiteRunnerWorker.java:84)
at org.testng.TestNG.runSuitesSequentially(TestNG.java:1208)
at org.testng.TestNG.runSuitesLocally(TestNG.java:1137)
at org.testng.TestNG.runSuites(TestNG.java:1049)
at org.testng.TestNG.run(TestNG.java:1017)
at org.testng.remote.AbstractRemoteTestNG.run(AbstractRemoteTestNG.java:115)
at org.testng.remote.RemoteTestNG.initAndRun(RemoteTestNG.java:251)
at org.testng.remote.RemoteTestNG.main(RemoteTestNG.java:77)
]]>
            </full-stacktrace>
          </exception> <!-- java.lang.Throwable -->
          <reporter-output>
          </reporter-output>
        </test-method> <!-- loserSection -->
        <test-method status="PASS" signature="teardown()[pri:0, instance:com.cnnnews.CnnNewsBasePage@69ea3742]" name="teardown" is-config="true" duration-ms="78" started-at="2020-04-07T17:42:10Z" finished-at="2020-04-07T17:42:10Z">
          <reporter-output>
          </reporter-output>
        </test-method> <!-- teardown -->
      </class> <!-- com.cnnnews.CnnNewsBasePage -->
    </test> <!-- Default test -->
  </suite> <!-- Default suite -->
</testng-results>
