<?xml version="1.0" encoding="UTF-8"?>
<!-- Generated by org.testng.reporters.JUnitXMLReporter -->
<testsuite hostname="LAPTOP-1RMVF318" ignored="0" name="Default test" tests="9" failures="1" timestamp="07 Apr 2020 17:42:10 GMT" time="42.947" errors="0">
  <testcase name="homePage" time="3.728" classname="com.cnnnews.CnnNewsBasePage"/>
  <testcase name="losers" time="0.001" classname="com.cnnnews.CnnNewsBasePage"/>
  <testcase name="pages" time="29.639" classname="com.cnnnews.CnnNewsBasePage"/>
  <testcase name="displayDataonMarket" time="5.198" classname="com.cnnnews.CnnNewsBasePage"/>
  <testcase name="mostPopularStocks" time="0.039" classname="com.cnnnews.CnnNewsBasePage"/>
  <testcase name="validateMostPopular" time="0.052" classname="com.cnnnews.CnnNewsBasePage">
    <failure type="java.lang.AssertionError" message="expected [[Apple
264.10
+0.66%
Citigroup
43.25
+5.18%
General Electric
7.26
+0.48%
Google
1197.88
+1.40%
Microsoft
166.57
+0.79%
Updated: 1:39pm ET]] but found [Apple	241.43	-1.43% Citigroup	37.48	-4.47% General Electric	6.72	-2.54% Google	1092.51	-2.20% Microsoft	153.83	-0.92%]">
      <![CDATA[java.lang.AssertionError: expected [[Apple
264.10
+0.66%
Citigroup
43.25
+5.18%
General Electric
7.26
+0.48%
Google
1197.88
+1.40%
Microsoft
166.57
+0.79%
Updated: 1:39pm ET]] but found [Apple241.43-1.43% Citigroup37.48-4.47% General Electric6.72-2.54% Google1092.51-2.20% Microsoft153.83-0.92%]
at org.testng.Assert.fail(Assert.java:96)
at org.testng.Assert.failNotEquals(Assert.java:776)
at org.testng.Assert.assertEqualsImpl(Assert.java:137)
at org.testng.Assert.assertEquals(Assert.java:118)
at org.testng.Assert.assertEquals(Assert.java:442)
at com.cnnnews.CnnNewsBasePage.validateMostPopular(CnnNewsBasePage.java:130)
at sun.reflect.NativeMethodAccessorImpl.invoke0(Native Method)
at sun.reflect.NativeMethodAccessorImpl.invoke(NativeMethodAccessorImpl.java:62)
at sun.reflect.DelegatingMethodAccessorImpl.invoke(DelegatingMethodAccessorImpl.java:43)
at java.lang.reflect.Method.invoke(Method.java:498)
at org.testng.internal.MethodInvocationHelper.invokeMethod(MethodInvocationHelper.java:124)
at org.testng.internal.Invoker.invokeMethod(Invoker.java:583)
at org.testng.internal.Invoker.invokeTestMethod(Invoker.java:719)
at org.testng.internal.Invoker.invokeTestMethods(Invoker.java:989)
at org.testng.internal.TestMethodWorker.invokeTestMethods(TestMethodWorker.java:125)
at org.testng.internal.TestMethodWorker.run(TestMethodWorker.java:109)
at org.testng.TestRunner.privateRun(TestRunner.java:648)
at org.testng.TestRunner.run(TestRunner.java:505)
at org.testng.SuiteRunner.runTest(SuiteRunner.java:455)
at org.testng.SuiteRunner.runSequentially(SuiteRunner.java:450)
at org.testng.SuiteRunner.privateRun(SuiteRunner.java:415)
at org.testng.SuiteRunner.run(SuiteRunner.java:364)
at org.testng.SuiteRunnerWorker.runSuite(SuiteRunnerWorker.java:52)
at org.testng.SuiteRunnerWorker.run(SuiteRunnerWorker.java:84)
at org.testng.TestNG.runSuitesSequentially(TestNG.java:1208)
at org.testng.TestNG.runSuitesLocally(TestNG.java:1137)
at org.testng.TestNG.runSuites(TestNG.java:1049)
at org.testng.TestNG.run(TestNG.java:1017)
at org.testng.remote.AbstractRemoteTestNG.run(AbstractRemoteTestNG.java:115)
at org.testng.remote.RemoteTestNG.initAndRun(RemoteTestNG.java:251)
at org.testng.remote.RemoteTestNG.main(RemoteTestNG.java:77)
]]>
    </failure>
  </testcase> <!-- validateMostPopular -->
  <testcase name="sectorPerformance" time="0.0" classname="com.cnnnews.CnnNewsBasePage">
    <skipped/>
  </testcase> <!-- sectorPerformance -->
  <testcase name="biggestBarName" time="0.0" classname="com.cnnnews.CnnNewsBasePage">
    <skipped/>
  </testcase> <!-- biggestBarName -->
  <testcase name="loserSection" time="0.0" classname="com.cnnnews.CnnNewsBasePage">
    <skipped/>
  </testcase> <!-- loserSection -->
</testsuite> <!-- Default test -->
